[2022-04-03T12:40:55.595] [WARN] default - Error: Carrito no encontrado
    at Carritos.getProductsFromCart (/home/marcos/coderhouse/ProgramacionBackEnd/repo/desafios-entregables/18-preentrega3/src/daos/carritos.js:11:15)
    at processTicksAndRejections (node:internal/process/task_queues:96:5)
    at async getProductsFromCart (/home/marcos/coderhouse/ProgramacionBackEnd/repo/desafios-entregables/18-preentrega3/src/controllers/carritos.js:9:28)
[2022-04-03T12:54:53.297] [WARN] default - Error: Carrito no encontrado
    at Carritos.getProductsFromCart (/home/marcos/coderhouse/ProgramacionBackEnd/repo/desafios-entregables/18-preentrega3/src/daos/carritos.js:11:15)
    at processTicksAndRejections (node:internal/process/task_queues:96:5)
    at async getProductsFromCart (/home/marcos/coderhouse/ProgramacionBackEnd/repo/desafios-entregables/18-preentrega3/src/controllers/carritos.js:9:28)
[2022-04-03T12:54:53.298] [WARN] default - Error: Ese carrito no existe o no tiene productos
    at getProductsFromCart (/home/marcos/coderhouse/ProgramacionBackEnd/repo/desafios-entregables/18-preentrega3/src/controllers/carritos.js:11:13)
    at processTicksAndRejections (node:internal/process/task_queues:96:5)
[2022-04-03T20:40:20.355] [WARN] default - Ruta /api/ método GET no implementados
[2022-04-03T20:40:20.484] [WARN] default - Ruta /favicon.ico método GET no implementados
[2022-04-03T20:56:31.275] [WARN] default - Ruta /api/login método GET no implementados
[2022-04-03T20:58:43.138] [WARN] default - Ruta /api/login método POST no implementados
[2022-04-03T20:59:58.037] [WARN] default - User Not Found with email mark
[2022-04-03T20:59:59.285] [WARN] default - Ruta /api/errorlogin método POST no implementados
[2022-04-03T21:05:19.189] [WARN] default - User Not Found with email mark
[2022-04-03T21:05:20.286] [WARN] default - Ruta /api/errorlogin método POST no implementados
[2022-04-04T09:13:38.041] [WARN] default - Ruta /favicon.ico método GET no implementados
[2022-04-04T09:28:00.987] [WARN] default - User Not Found with email marcos@gjg.com
[2022-04-04T09:43:23.017] [WARN] default - User already exists with username: aaa@bbb.ccc
[2022-04-04T10:19:00.605] [WARN] default - TypeError: Cannot read properties of undefined (reading 'username')
    at getProductos (/home/marcos/coderhouse/ProgramacionBackEnd/repo/desafios-entregables/18-preentrega3/src/controllers/productos.js:12:65)
    at processTicksAndRejections (node:internal/process/task_queues:96:5)
[2022-04-04T10:41:29.595] [WARN] default - Ruta /favicon.ico método GET no implementados
[2022-04-04T10:56:50.239] [WARN] default - Ruta /logout método GET no implementados
[2022-04-04T10:57:55.005] [WARN] default - Ruta /logout método GET no implementados
[2022-04-04T14:39:29.706] [WARN] default - Ruta /favicon.ico método GET no implementados
[2022-04-04T16:56:52.893] [WARN] default - Ruta /favicon.ico método GET no implementados
[2022-04-04T17:00:36.648] [WARN] default - User already exists with username: pruebaemail@email.com
[2022-04-04T17:18:04.306] [WARN] default - Error: Producto no encontrado
    at Productos.getProductById (/home/marcos/coderhouse/ProgramacionBackEnd/repo/desafios-entregables/18-preentrega3/src/daos/productos.js:23:15)
    at processTicksAndRejections (node:internal/process/task_queues:96:5)
    at async postCart (/home/marcos/coderhouse/ProgramacionBackEnd/repo/desafios-entregables/18-preentrega3/src/controllers/carritos.js:22:22)
[2022-04-04T17:18:04.309] [WARN] default - Error: No se puede crear el carrito porque el producto no existe
    at postCart (/home/marcos/coderhouse/ProgramacionBackEnd/repo/desafios-entregables/18-preentrega3/src/controllers/carritos.js:24:13)
    at processTicksAndRejections (node:internal/process/task_queues:96:5)
[2022-04-04T17:20:42.890] [WARN] default - Ruta /favicon.ico método GET no implementados
[2022-04-04T17:21:10.482] [WARN] default - SyntaxError: Unexpected end of JSON input
    at JSON.parse (<anonymous>)
    at parse (/home/marcos/coderhouse/ProgramacionBackEnd/repo/desafios-entregables/18-preentrega3/node_modules/body-parser/lib/types/json.js:89:19)
    at /home/marcos/coderhouse/ProgramacionBackEnd/repo/desafios-entregables/18-preentrega3/node_modules/body-parser/lib/read.js:121:18
    at invokeCallback (/home/marcos/coderhouse/ProgramacionBackEnd/repo/desafios-entregables/18-preentrega3/node_modules/raw-body/index.js:224:16)
    at done (/home/marcos/coderhouse/ProgramacionBackEnd/repo/desafios-entregables/18-preentrega3/node_modules/raw-body/index.js:213:7)
    at IncomingMessage.onEnd (/home/marcos/coderhouse/ProgramacionBackEnd/repo/desafios-entregables/18-preentrega3/node_modules/raw-body/index.js:273:7)
    at IncomingMessage.emit (node:events:402:35)
    at endReadableNT (node:internal/streams/readable:1343:12)
    at processTicksAndRejections (node:internal/process/task_queues:83:21) {
  expose: true,
  statusCode: 400,
  status: 400,
  body: '{"id_product": "6249baeb2d5212170d5fb768"',
  type: 'entity.parse.failed'
}
[2022-04-04T17:35:51.251] [WARN] default - Ruta /api/carrito/624b5361f53b92421c2f34c7 método GET no implementados
[2022-04-04T18:19:24.433] [WARN] default - User Not Found with email aa@bb.cc
[2022-04-04T18:39:43.602] [WARN] default - Error: MongoBulkWriteError: E11000 duplicate key error collection: ecommerce.pedidos index: _id_ dup key: { _id: ObjectId('624b5361f53b92421c2f34c7') }
    at /home/marcos/coderhouse/ProgramacionBackEnd/repo/desafios-entregables/18-preentrega3/src/daos/carritos.js:89:15
    at processTicksAndRejections (node:internal/process/task_queues:96:5)
    at async Carritos.procesarPedido (/home/marcos/coderhouse/ProgramacionBackEnd/repo/desafios-entregables/18-preentrega3/src/daos/carritos.js:88:27)
    at async procesar (/home/marcos/coderhouse/ProgramacionBackEnd/repo/desafios-entregables/18-preentrega3/src/controllers/carritos.js:89:22)
[2022-04-04T18:39:43.605] [WARN] default - Error: Ha ocurrido un error
    at procesar (/home/marcos/coderhouse/ProgramacionBackEnd/repo/desafios-entregables/18-preentrega3/src/controllers/carritos.js:91:15)
    at processTicksAndRejections (node:internal/process/task_queues:96:5)
[2022-04-04T18:51:45.105] [WARN] default - Error: MongoBulkWriteError: E11000 duplicate key error collection: ecommerce.pedidos index: _id_ dup key: { _id: ObjectId('624b5361f53b92421c2f34c7') }
    at /home/marcos/coderhouse/ProgramacionBackEnd/repo/desafios-entregables/18-preentrega3/src/daos/carritos.js:89:15
    at processTicksAndRejections (node:internal/process/task_queues:96:5)
    at async Carritos.procesarPedido (/home/marcos/coderhouse/ProgramacionBackEnd/repo/desafios-entregables/18-preentrega3/src/daos/carritos.js:88:27)
    at async procesar (/home/marcos/coderhouse/ProgramacionBackEnd/repo/desafios-entregables/18-preentrega3/src/controllers/carritos.js:89:22)
[2022-04-04T18:51:45.108] [WARN] default - Error: Ha ocurrido un error
    at procesar (/home/marcos/coderhouse/ProgramacionBackEnd/repo/desafios-entregables/18-preentrega3/src/controllers/carritos.js:91:15)
    at processTicksAndRejections (node:internal/process/task_queues:96:5)
[2022-04-04T19:50:22.320] [WARN] default - Ruta /favicon.ico método GET no implementados
[2022-04-04T19:50:36.832] [WARN] default - Error: MongoBulkWriteError: E11000 duplicate key error collection: ecommerce.pedidos index: _id_ dup key: { _id: ObjectId('624b5361f53b92421c2f34c7') }
    at /home/marcos/coderhouse/ProgramacionBackEnd/repo/desafios-entregables/18-preentrega3/src/daos/carritos.js:89:15
    at processTicksAndRejections (node:internal/process/task_queues:96:5)
    at async Carritos.procesarPedido (/home/marcos/coderhouse/ProgramacionBackEnd/repo/desafios-entregables/18-preentrega3/src/daos/carritos.js:88:27)
    at async procesar (/home/marcos/coderhouse/ProgramacionBackEnd/repo/desafios-entregables/18-preentrega3/src/controllers/carritos.js:89:22)
[2022-04-04T19:50:36.834] [WARN] default - Error: Ha ocurrido un error
    at procesar (/home/marcos/coderhouse/ProgramacionBackEnd/repo/desafios-entregables/18-preentrega3/src/controllers/carritos.js:91:15)
    at processTicksAndRejections (node:internal/process/task_queues:96:5)
[2022-04-05T09:11:34.151] [WARN] default - Ruta /favicon.ico método GET no implementados
[2022-04-05T09:11:54.497] [WARN] default - TypeError: Assignment to constant variable.
    at Carritos.procesarPedido (/home/marcos/coderhouse/ProgramacionBackEnd/repo/desafios-entregables/18-preentrega3/src/daos/carritos.js:85:15)
    at processTicksAndRejections (node:internal/process/task_queues:96:5)
    at async procesar (/home/marcos/coderhouse/ProgramacionBackEnd/repo/desafios-entregables/18-preentrega3/src/controllers/carritos.js:88:22)
[2022-04-05T09:11:54.499] [WARN] default - Error: Ha ocurrido un error
    at procesar (/home/marcos/coderhouse/ProgramacionBackEnd/repo/desafios-entregables/18-preentrega3/src/controllers/carritos.js:90:15)
    at processTicksAndRejections (node:internal/process/task_queues:96:5)
[2022-04-05T09:12:51.654] [WARN] default - TypeError: Assignment to constant variable.
    at Carritos.procesarPedido (/home/marcos/coderhouse/ProgramacionBackEnd/repo/desafios-entregables/18-preentrega3/src/daos/carritos.js:85:15)
    at processTicksAndRejections (node:internal/process/task_queues:96:5)
    at async procesar (/home/marcos/coderhouse/ProgramacionBackEnd/repo/desafios-entregables/18-preentrega3/src/controllers/carritos.js:88:22)
[2022-04-05T09:12:51.656] [WARN] default - Error: Ha ocurrido un error
    at procesar (/home/marcos/coderhouse/ProgramacionBackEnd/repo/desafios-entregables/18-preentrega3/src/controllers/carritos.js:90:15)
    at processTicksAndRejections (node:internal/process/task_queues:96:5)
[2022-04-05T09:29:24.988] [WARN] default - ObjectParameterError: Parameter "obj" to Document() must be an object, got {
  _id: new ObjectId("624b5361f53b92421c2f34c7"),
  timestamp: 2022-04-04T20:21:53.164Z,
  productos: [
    {
      _id: new ObjectId("6249baeb2d5212170d5fb768"),
      title: 'Producto de prueba',
      description: 'producto de prueba',
      code: 'a1b2c3',
      thumbnail: 'http://google.com',
      price: 1394,
      stock: 100,
      timestamp: 2022-04-03T15:19:07.093Z,
      __v: 0
    }
  ],
  __v: 0
}[object Object]
    at model.Document (/home/marcos/coderhouse/ProgramacionBackEnd/repo/desafios-entregables/18-preentrega3/node_modules/mongoose/lib/document.js:104:11)
    at model.Model (/home/marcos/coderhouse/ProgramacionBackEnd/repo/desafios-entregables/18-preentrega3/node_modules/mongoose/lib/model.js:107:12)
    at new model (/home/marcos/coderhouse/ProgramacionBackEnd/repo/desafios-entregables/18-preentrega3/node_modules/mongoose/lib/model.js:4794:15)
    at Carritos.procesarPedido (/home/marcos/coderhouse/ProgramacionBackEnd/repo/desafios-entregables/18-preentrega3/src/daos/carritos.js:87:26)
    at processTicksAndRejections (node:internal/process/task_queues:96:5)
    at async procesar (/home/marcos/coderhouse/ProgramacionBackEnd/repo/desafios-entregables/18-preentrega3/src/controllers/carritos.js:88:22)
[2022-04-05T09:29:24.992] [WARN] default - Error: Ha ocurrido un error
    at procesar (/home/marcos/coderhouse/ProgramacionBackEnd/repo/desafios-entregables/18-preentrega3/src/controllers/carritos.js:90:15)
    at processTicksAndRejections (node:internal/process/task_queues:96:5)
[2022-04-05T09:32:12.685] [WARN] default - ObjectParameterError: Parameter "obj" to Document() must be an object, got {
  _id: new ObjectId("624b5361f53b92421c2f34c7"),
  timestamp: 2022-04-04T20:21:53.164Z,
  productos: [
    {
      _id: new ObjectId("6249baeb2d5212170d5fb768"),
      title: 'Producto de prueba',
      description: 'producto de prueba',
      code: 'a1b2c3',
      thumbnail: 'http://google.com',
      price: 1394,
      stock: 100,
      timestamp: 2022-04-03T15:19:07.093Z,
      __v: 0
    }
  ],
  __v: 0
}[object Object]
    at model.Document (/home/marcos/coderhouse/ProgramacionBackEnd/repo/desafios-entregables/18-preentrega3/node_modules/mongoose/lib/document.js:104:11)
    at model.Model (/home/marcos/coderhouse/ProgramacionBackEnd/repo/desafios-entregables/18-preentrega3/node_modules/mongoose/lib/model.js:107:12)
    at new model (/home/marcos/coderhouse/ProgramacionBackEnd/repo/desafios-entregables/18-preentrega3/node_modules/mongoose/lib/model.js:4794:15)
    at Carritos.procesarPedido (/home/marcos/coderhouse/ProgramacionBackEnd/repo/desafios-entregables/18-preentrega3/src/daos/carritos.js:87:26)
    at processTicksAndRejections (node:internal/process/task_queues:96:5)
    at async procesar (/home/marcos/coderhouse/ProgramacionBackEnd/repo/desafios-entregables/18-preentrega3/src/controllers/carritos.js:88:22)
[2022-04-05T09:32:12.687] [WARN] default - Error: Ha ocurrido un error
    at procesar (/home/marcos/coderhouse/ProgramacionBackEnd/repo/desafios-entregables/18-preentrega3/src/controllers/carritos.js:90:15)
    at processTicksAndRejections (node:internal/process/task_queues:96:5)
[2022-04-06T10:28:02.064] [WARN] default - Ruta /favicon.ico método GET no implementados
[2022-04-06T10:36:07.825] [WARN] default - TypeError: Assignment to constant variable.
    at Carritos.procesarPedido (/home/marcos/coderhouse/ProgramacionBackEnd/repo/desafios-entregables/18-preentrega3/src/daos/carritos.js:92:15)
    at processTicksAndRejections (node:internal/process/task_queues:96:5)
    at async procesar (/home/marcos/coderhouse/ProgramacionBackEnd/repo/desafios-entregables/18-preentrega3/src/controllers/carritos.js:88:22)
[2022-04-06T10:36:07.828] [WARN] default - Error: Ha ocurrido un error
    at procesar (/home/marcos/coderhouse/ProgramacionBackEnd/repo/desafios-entregables/18-preentrega3/src/controllers/carritos.js:90:15)
    at processTicksAndRejections (node:internal/process/task_queues:96:5)
[2022-04-06T10:40:23.901] [WARN] default - Error: MongoBulkWriteError: E11000 duplicate key error collection: ecommerce.pedidos index: _id_ dup key: { _id: ObjectId('624b5361f53b92421c2f34c7') }
    at /home/marcos/coderhouse/ProgramacionBackEnd/repo/desafios-entregables/18-preentrega3/src/daos/carritos.js:96:15
    at processTicksAndRejections (node:internal/process/task_queues:96:5)
    at async Carritos.procesarPedido (/home/marcos/coderhouse/ProgramacionBackEnd/repo/desafios-entregables/18-preentrega3/src/daos/carritos.js:95:27)
    at async procesar (/home/marcos/coderhouse/ProgramacionBackEnd/repo/desafios-entregables/18-preentrega3/src/controllers/carritos.js:88:22)
[2022-04-06T10:40:23.903] [WARN] default - Error: Ha ocurrido un error
    at procesar (/home/marcos/coderhouse/ProgramacionBackEnd/repo/desafios-entregables/18-preentrega3/src/controllers/carritos.js:90:15)
    at processTicksAndRejections (node:internal/process/task_queues:96:5)
[2022-04-06T13:39:20.637] [WARN] default - Ruta /favicon.ico método GET no implementados
[2022-04-06T13:39:40.576] [WARN] default - Error: MongoBulkWriteError: E11000 duplicate key error collection: ecommerce.pedidos index: _id_ dup key: { _id: ObjectId('624b5361f53b92421c2f34c7') }
    at /home/marcos/coderhouse/ProgramacionBackEnd/repo/desafios-entregables/18-preentrega3/src/daos/carritos.js:96:15
    at processTicksAndRejections (node:internal/process/task_queues:96:5)
    at async Carritos.procesarPedido (/home/marcos/coderhouse/ProgramacionBackEnd/repo/desafios-entregables/18-preentrega3/src/daos/carritos.js:95:27)
    at async procesar (/home/marcos/coderhouse/ProgramacionBackEnd/repo/desafios-entregables/18-preentrega3/src/controllers/carritos.js:88:22)
[2022-04-06T13:39:40.577] [WARN] default - Error: Ha ocurrido un error
    at procesar (/home/marcos/coderhouse/ProgramacionBackEnd/repo/desafios-entregables/18-preentrega3/src/controllers/carritos.js:90:15)
    at processTicksAndRejections (node:internal/process/task_queues:96:5)
[2022-04-06T15:54:33.077] [WARN] default - Ruta /favicon.ico método GET no implementados
[2022-04-06T15:57:59.180] [WARN] default - Ruta /carrito método POST no implementados
[2022-04-06T15:58:39.881] [WARN] default - Ruta /login.html método POST no implementados
[2022-04-06T15:59:20.558] [WARN] default - Ruta /api/errorlogin método POST no implementados
[2022-04-06T16:01:41.530] [WARN] default - Ruta / método POST no implementados
[2022-04-06T16:44:26.563] [WARN] default - TypeError: Cannot read properties of undefined (reading 'name')
    at procesar (/home/marcos/coderhouse/ProgramacionBackEnd/repo/desafios-entregables/18-preentrega3/src/controllers/carritos.js:110:48)
    at processTicksAndRejections (node:internal/process/task_queues:96:5)
[2022-04-06T16:58:42.719] [WARN] default - Ruta /favicon.ico método GET no implementados
[2022-04-06T16:59:10.511] [WARN] default - TypeError: Cannot read properties of undefined (reading '_id')
    at procesar (/home/marcos/coderhouse/ProgramacionBackEnd/repo/desafios-entregables/18-preentrega3/src/controllers/carritos.js:109:24)
    at processTicksAndRejections (node:internal/process/task_queues:96:5)
[2022-04-06T17:01:56.009] [WARN] default - Error: Ese carrito no te corresponde
    at procesar (/home/marcos/coderhouse/ProgramacionBackEnd/repo/desafios-entregables/18-preentrega3/src/controllers/carritos.js:126:15)
    at processTicksAndRejections (node:internal/process/task_queues:96:5)
[2022-04-06T17:03:39.073] [WARN] default - Error: Ese carrito no te corresponde
    at procesar (/home/marcos/coderhouse/ProgramacionBackEnd/repo/desafios-entregables/18-preentrega3/src/controllers/carritos.js:128:15)
    at processTicksAndRejections (node:internal/process/task_queues:96:5)
[2022-04-06T17:04:59.985] [WARN] default - Error: Ese carrito no te corresponde
    at procesar (/home/marcos/coderhouse/ProgramacionBackEnd/repo/desafios-entregables/18-preentrega3/src/controllers/carritos.js:128:15)
    at processTicksAndRejections (node:internal/process/task_queues:96:5)
[2022-04-06T17:05:24.346] [WARN] default - Error: Ese carrito no te corresponde
    at procesar (/home/marcos/coderhouse/ProgramacionBackEnd/repo/desafios-entregables/18-preentrega3/src/controllers/carritos.js:128:15)
    at processTicksAndRejections (node:internal/process/task_queues:96:5)
[2022-04-06T17:06:09.600] [WARN] default - Error: Ese carrito no te corresponde
    at procesar (/home/marcos/coderhouse/ProgramacionBackEnd/repo/desafios-entregables/18-preentrega3/src/controllers/carritos.js:128:15)
    at processTicksAndRejections (node:internal/process/task_queues:96:5)
